<?xml version="1.0" encoding="utf-8"?><testsuites name="pytest tests"><testsuite name="pytest" errors="0" failures="0" skipped="0" tests="36" time="16.084" timestamp="2026-08-13T13:53:10.771098+00:00" hostname="agent-env-df79b6f2-a0a9-4193-8f06-c4ec1443ebca"><testcase classname="tests.backend_test.TestWorksheets" name="test_crud_flow" time="1.838" /><testcase classname="tests.backend_test.TestAuth" name="test_admin_login" time="0.528" /><testcase classname="tests.backend_test.TestAuth" name="test_register_and_me" time="0.537" /><testcase classname="tests.backend_test.TestAuth" name="test_duplicate_nim" time="0.403" /><testcase classname="tests.backend_test.TestAuth" name="test_short_password" time="0.070" /><testcase classname="tests.backend_test.TestAuth" name="test_login_wrong_password" time="0.822" /><testcase classname="tests.backend_test.TestWorksheets" name="test_data_isolation" time="1.453" /><testcase classname="tests.backend_test.TestAuth" name="test_login_unknown_nim" time="0.229" /><testcase classname="tests.backend_test.TestAuth" name="test_me_without_token" time="0.126" /><testcase classname="tests.backend_test.TestAuth" name="test_me_invalid_token" time="0.173" /><testcase classname="tests.backend_test.TestAuth" name="test_logout" time="0.448" /><testcase classname="tests.backend_test.TestWorksheets" name="test_worksheets_require_auth" time="0.427" /><testcase classname="tests.backend_test.TestAuth" name="test_bcrypt_hash_format" time="0.087" /><testcase classname="tests.backend_test.TestAuth" name="test_brute_force_lockout" time="2.629" /><testcase classname="tests.backend_test.TestWorksheets" name="test_malformed_worksheet_id_returns_404[not-an-objectid]" time="0.818" /><testcase classname="tests.backend_test.TestWorksheets" name="test_malformed_worksheet_id_returns_404[123]" time="0.812" /><testcase classname="tests.backend_test.TestWorksheets" name="test_malformed_worksheet_id_returns_404[%20]" time="0.648" /><testcase classname="tests.backend_test.TestWorksheets" name="test_malformed_worksheet_id_returns_404[zzzzzzzzzzzzzzzzzzzzzzzz]" time="0.819" /><testcase classname="tests.backend_test.TestAuth" name="test_successful_login_resets_attempt_counter" time="3.806" /><testcase classname="tests.backend_test.TestWorksheets" name="test_stale_cookie_does_not_shadow_bearer" time="1.005" /><testcase classname="tests.backend_test.TestWorksheets" name="test_admin_cookie_cannot_elevate_student_bearer" time="0.995" /><testcase classname="tests.backend_test.TestWorksheets" name="test_nonexistent_worksheet" time="0.521" /><testcase classname="tests.backend_test.TestAdmin" name="test_stats" time="0.518" /><testcase classname="tests.backend_test.TestAdmin" name="test_list_all_and_search" time="0.901" /><testcase classname="tests.backend_test.TestProfile" name="test_profile_requires_auth" time="0.481" /><testcase classname="tests.backend_test.TestProfile" name="test_fresh_user_gets_defaults" time="0.407" /><testcase classname="tests.backend_test.TestProfile" name="test_put_profile_persists" time="0.733" /><testcase classname="tests.backend_test.TestAdmin" name="test_student_cannot_access_admin" time="0.633" /><testcase classname="tests.backend_test.TestAdmin" name="test_admin_endpoints_require_auth" time="0.158" /><testcase classname="tests.backend_test.TestProfile" name="test_profile_isolated_per_user" time="0.805" /><testcase classname="tests.backend_test.TestHealth" name="test_root" time="0.218" /><testcase classname="tests.backend_test.TestCors" name="test_cors_credentials_with_explicit_origin" time="0.137" /><testcase classname="tests.backend_test.TestProfile" name="test_worksheet_get_embeds_owner_profile" time="0.581" /><testcase classname="tests.backend_test.TestProfile" name="test_admin_sees_student_profile_on_worksheet" time="0.889" /><testcase classname="tests.backend_test.TestProfile" name="test_worksheet_dynamic_weeks_persist" time="0.590" /><testcase classname="tests.backend_test.TestProfile" name="test_planning_and_monitoring_mingguan_round_trip" time="0.604" /></testsuite></testsuites>