<?xml version="1.0" encoding="utf-8"?><testsuites name="pytest tests"><testsuite name="pytest" errors="0" failures="0" skipped="0" tests="35" time="14.745" timestamp="2026-08-13T13:33:49.333594+00:00" hostname="agent-env-df79b6f2-a0a9-4193-8f06-c4ec1443ebca"><testcase classname="tests.backend_test.TestWorksheets" name="test_crud_flow" time="2.058" /><testcase classname="tests.backend_test.TestAuth" name="test_admin_login" time="0.513" /><testcase classname="tests.backend_test.TestAuth" name="test_register_and_me" time="0.520" /><testcase classname="tests.backend_test.TestAuth" name="test_duplicate_nim" time="0.349" /><testcase classname="tests.backend_test.TestAuth" name="test_short_password" time="0.058" /><testcase classname="tests.backend_test.TestAuth" name="test_login_wrong_password" time="0.602" /><testcase classname="tests.backend_test.TestAuth" name="test_login_unknown_nim" time="0.062" /><testcase classname="tests.backend_test.TestWorksheets" name="test_data_isolation" time="1.633" /><testcase classname="tests.backend_test.TestAuth" name="test_me_without_token" time="0.240" /><testcase classname="tests.backend_test.TestAuth" name="test_me_invalid_token" time="0.313" /><testcase classname="tests.backend_test.TestAuth" name="test_logout" time="0.349" /><testcase classname="tests.backend_test.TestAuth" name="test_bcrypt_hash_format" time="0.073" /><testcase classname="tests.backend_test.TestAuth" name="test_brute_force_lockout" time="2.042" /><testcase classname="tests.backend_test.TestWorksheets" name="test_worksheets_require_auth" time="0.570" /><testcase classname="tests.backend_test.TestWorksheets" name="test_malformed_worksheet_id_returns_404[not-an-objectid]" time="0.941" /><testcase classname="tests.backend_test.TestAuth" name="test_successful_login_resets_attempt_counter" time="2.617" /><testcase classname="tests.backend_test.TestWorksheets" name="test_malformed_worksheet_id_returns_404[123]" time="1.240" /><testcase classname="tests.backend_test.TestWorksheets" name="test_malformed_worksheet_id_returns_404[%20]" time="1.310" /><testcase classname="tests.backend_test.TestProfile" name="test_profile_requires_auth" time="0.418" /><testcase classname="tests.backend_test.TestWorksheets" name="test_malformed_worksheet_id_returns_404[zzzzzzzzzzzzzzzzzzzzzzzz]" time="0.702" /><testcase classname="tests.backend_test.TestProfile" name="test_fresh_user_gets_defaults" time="0.345" /><testcase classname="tests.backend_test.TestWorksheets" name="test_stale_cookie_does_not_shadow_bearer" time="0.925" /><testcase classname="tests.backend_test.TestProfile" name="test_put_profile_persists" time="0.874" /><testcase classname="tests.backend_test.TestProfile" name="test_profile_isolated_per_user" time="1.099" /><testcase classname="tests.backend_test.TestWorksheets" name="test_admin_cookie_cannot_elevate_student_bearer" time="1.143" /><testcase classname="tests.backend_test.TestProfile" name="test_worksheet_get_embeds_owner_profile" time="0.879" /><testcase classname="tests.backend_test.TestWorksheets" name="test_nonexistent_worksheet" time="0.550" /><testcase classname="tests.backend_test.TestProfile" name="test_admin_sees_student_profile_on_worksheet" time="1.043" /><testcase classname="tests.backend_test.TestAdmin" name="test_stats" time="0.584" /><testcase classname="tests.backend_test.TestAdmin" name="test_list_all_and_search" time="1.191" /><testcase classname="tests.backend_test.TestProfile" name="test_worksheet_dynamic_weeks_persist" time="0.846" /><testcase classname="tests.backend_test.TestAdmin" name="test_student_cannot_access_admin" time="0.532" /><testcase classname="tests.backend_test.TestHealth" name="test_root" time="0.059" /><testcase classname="tests.backend_test.TestCors" name="test_cors_credentials_with_explicit_origin" time="0.024" /><testcase classname="tests.backend_test.TestAdmin" name="test_admin_endpoints_require_auth" time="0.232" /></testsuite></testsuites>